12/3/2016 7:18:17 PM.168 ++ C:\Users\emulation-station\emulator-dashboard\ScpServer\bin\ScpService.exe 1.0.0.103
12/3/2016 7:18:17 PM.183 ++ C:\Users\emulation-station\emulator-dashboard\ScpServer\bin\ScpControl.dll 1.0.0.103
12/3/2016 7:18:17 PM.355 ++ Microsoft Windows 10 Pro (6.2.9200.0 AMD64)
12/3/2016 7:18:17 PM.402 -- Bluetooth  : L2CAP_Worker_Thread Starting [82,02]
12/3/2016 7:18:17 PM.402 -- Controller : UDP_Worker_Thread Starting
12/3/2016 7:18:17 PM.402 -- Bluetooth  : HCI_Worker_Thread Starting [81]
12/3/2016 7:18:17 PM.402 << HCI_Reset [0C03]
12/3/2016 7:18:17 PM.402 >> HCI_Command_Complete_EV [0E] [00]
12/3/2016 7:18:17 PM.668 << HCI_Read_BD_ADDR [1009]
12/3/2016 7:18:17 PM.668 >> HCI_Command_Complete_EV [0E] [00]
12/3/2016 7:18:17 PM.668 << HCI_Read_Buffer_Size [1005]
12/3/2016 7:18:17 PM.668 >> HCI_Command_Complete_EV [0E] [00]
12/3/2016 7:18:17 PM.668 -- 03FD, 40, 0008, 0001
12/3/2016 7:18:17 PM.668 << HCI_Read_Local_Version_Info [1001]
12/3/2016 7:18:17 PM.668 >> HCI_Command_Complete_EV [0E] [00]
12/3/2016 7:18:17 PM.668 -- Master 5C:F3:70:7A:81:BA, HCI_Version 7.5860, LMP_Version 7.8718
12/3/2016 7:18:17 PM.668 << HCI_Write_Scan_Enable [0C1A]
12/3/2016 7:18:17 PM.668 >> HCI_Command_Complete_EV [0E] [00]
12/3/2016 7:18:40 PM.923 >> HCI_Connection_Request_EV [04]
12/3/2016 7:18:40 PM.926 << HCI_Remote_Name_Request [0419]
12/3/2016 7:18:40 PM.931 >> HCI_Command_Status_EV [0F] [00]
12/3/2016 7:18:40 PM.954 >> HCI_Remote_Name_Request_Complete_EV [07]
12/3/2016 7:18:40 PM.958 -- Remote Name : AC:7A:4D:2E:A7:2D - PLAYSTATION(R)3 Controller
12/3/2016 7:18:40 PM.961 << HCI_Accept_Connection_Request [0409]
12/3/2016 7:18:40 PM.965 >> HCI_Command_Status_EV [0F] [00]
12/3/2016 7:18:41 PM.124 >> HCI_Role_Change_EV [12]
12/3/2016 7:18:41 PM.133 >> HCI_Connection_Complete_EV [03]
12/3/2016 7:18:41 PM.134 >> L2CAP_Connection_Request [02] PSM [11]
12/3/2016 7:18:41 PM.141 << L2CAP_Connection_Response [03]
12/3/2016 7:18:41 PM.143 << L2CAP_Configuration_Request [04]
12/3/2016 7:18:41 PM.146 >> L2CAP_Configuration_Request [04]
12/3/2016 7:18:41 PM.149 << L2CAP_Configuration_Response [05]
12/3/2016 7:18:41 PM.151 >> L2CAP_Configuration_Response [05]
12/3/2016 7:18:41 PM.156 >> L2CAP_Connection_Request [02] PSM [13]
12/3/2016 7:18:41 PM.159 << L2CAP_Connection_Response [03]
12/3/2016 7:18:41 PM.161 << L2CAP_Configuration_Request [04]
12/3/2016 7:18:41 PM.166 >> L2CAP_Configuration_Request [04]
12/3/2016 7:18:41 PM.168 << L2CAP_Configuration_Response [05]
12/3/2016 7:18:41 PM.170 >> L2CAP_Configuration_Response [05]
12/3/2016 7:18:41 PM.174 << L2CAP_Connection_Request [02] PSM [01]
12/3/2016 7:18:41 PM.177 >> L2CAP_Connection_Response [03] [01]
12/3/2016 7:18:41 PM.180 >> L2CAP_Connection_Response [03] [00]
12/3/2016 7:18:41 PM.182 << L2CAP_Configuration_Request [04]
12/3/2016 7:18:41 PM.184 >> L2CAP_Configuration_Request [04]
12/3/2016 7:18:41 PM.188 << L2CAP_Configuration_Response [05]
12/3/2016 7:18:41 PM.192 >> L2CAP_Configuration_Response [05]
12/3/2016 7:18:41 PM.232 << L2CAP_Disconnection_Request [06]
12/3/2016 7:18:41 PM.237 >> L2CAP_Disconnection_Response [07]
